<?xml version="1.0" encoding="UTF-8"?>
<testsuite name="SquaresTests" tests="9" skipped="0" failures="0" errors="0" timestamp="2020-05-05T20:01:33" hostname="endless" time="0.016">
  <properties/>
  <testcase name="testDecompose1" classname="SquaresTests" time="0.002"/>
  <testcase name="testDecompose2" classname="SquaresTests" time="0.001"/>
  <testcase name="testDecompose3" classname="SquaresTests" time="0.001"/>
  <testcase name="testDecompose4" classname="SquaresTests" time="0.002"/>
  <testcase name="testDecompose5" classname="SquaresTests" time="0.001"/>
  <testcase name="testDecompose6" classname="SquaresTests" time="0.001"/>
  <testcase name="testDecompose7" classname="SquaresTests" time="0.001"/>
  <testcase name="testDecompose8" classname="SquaresTests" time="0.001"/>
  <testcase name="testDecompose9" classname="SquaresTests" time="0.0"/>
  <system-out><![CDATA[]]></system-out>
  <system-err><![CDATA[]]></system-err>
</testsuite>
