<?xml version="1.0" encoding="UTF-8"?>
<testsuite name="NeighborsTelephonesTests" tests="3" skipped="0" failures="0" errors="0" timestamp="2020-05-05T20:01:34" hostname="endless" time="0.031">
  <properties/>
  <testcase name="testFinder1" classname="NeighborsTelephonesTests" time="0.025"/>
  <testcase name="testFinder2" classname="NeighborsTelephonesTests" time="0.005"/>
  <testcase name="testFinder3" classname="NeighborsTelephonesTests" time="0.0"/>
  <system-out><![CDATA[]]></system-out>
  <system-err><![CDATA[]]></system-err>
</testsuite>
