<?xml version="1.0" encoding="UTF-8"?>
<testsuite name="ArrayProductCalculatorTests" tests="7" skipped="0" failures="0" errors="0" timestamp="2020-05-05T20:01:33" hostname="endless" time="0.112">
  <properties/>
  <testcase name="test1" classname="ArrayProductCalculatorTests" time="0.004"/>
  <testcase name="test2" classname="ArrayProductCalculatorTests" time="0.082"/>
  <testcase name="test3" classname="ArrayProductCalculatorTests" time="0.014"/>
  <testcase name="test4" classname="ArrayProductCalculatorTests" time="0.0"/>
  <testcase name="test5" classname="ArrayProductCalculatorTests" time="0.0"/>
  <testcase name="test6" classname="ArrayProductCalculatorTests" time="0.001"/>
  <testcase name="test7" classname="ArrayProductCalculatorTests" time="0.001"/>
  <system-out><![CDATA[]]></system-out>
  <system-err><![CDATA[]]></system-err>
</testsuite>
