<?xml version="1.0" encoding="UTF-8"?>
<testsuite name="PolynomialTests" tests="4" skipped="0" failures="0" errors="0" timestamp="2020-05-05T20:01:33" hostname="endless" time="0.005">
  <properties/>
  <testcase name="testConvertToString1" classname="PolynomialTests" time="0.0"/>
  <testcase name="testConvertToString2" classname="PolynomialTests" time="0.001"/>
  <testcase name="testConvertToString3" classname="PolynomialTests" time="0.001"/>
  <testcase name="testConvertToStringEmptyInputArray" classname="PolynomialTests" time="0.001"/>
  <system-out><![CDATA[]]></system-out>
  <system-err><![CDATA[]]></system-err>
</testsuite>
