<?xml version="1.0" encoding="UTF-8"?>
<testsuite name="FullBinaryTreesTests" tests="6" skipped="0" failures="0" errors="0" timestamp="2020-05-05T20:01:33" hostname="endless" time="0.078">
  <properties/>
  <testcase name="test1" classname="FullBinaryTreesTests" time="0.031"/>
  <testcase name="test2" classname="FullBinaryTreesTests" time="0.0"/>
  <testcase name="test3" classname="FullBinaryTreesTests" time="0.0"/>
  <testcase name="test4" classname="FullBinaryTreesTests" time="0.033"/>
  <testcase name="test5" classname="FullBinaryTreesTests" time="0.008"/>
  <testcase name="test6" classname="FullBinaryTreesTests" time="0.003"/>
  <system-out><![CDATA[]]></system-out>
  <system-err><![CDATA[]]></system-err>
</testsuite>
